<?xml version="1.0" encoding="UTF-8"?>
<!-- Generated by org.testng.reporters.JUnitReportReporter -->
<testsuite hostname="LAPTOP-OL7R0RQ3" failures="0" tests="5" name="tests.Testing1" time="0.010" errors="0" timestamp="07 Jan 2023 19:56:09 GMT" skipped="0">
  <testcase classname="tests.Testing1" name="f" time="0.002"/>
  <testcase classname="tests.Testing1" name="test3" time="0.001"/>
  <testcase classname="tests.Testing1" name="test2" time="0.002"/>
  <testcase classname="tests.Testing1" name="f" time="0.004"/>
  <testcase classname="tests.Testing1" name="test1" time="0.001"/>
</testsuite> <!-- tests.Testing1 -->
