<?xml version="1.0" encoding="UTF-8"?>
<!-- Generated by org.testng.reporters.JUnitReportReporter -->
<testsuite hostname="LAPTOP-OL7R0RQ3" failures="0" tests="2" name="tests.Testing2" time="0.001" errors="0" timestamp="07 Jan 2023 20:09:55 GMT" skipped="0">
  <testcase classname="tests.Testing2" name="test5" time="0.000"/>
  <testcase classname="tests.Testing2" name="test4" time="0.001"/>
</testsuite> <!-- tests.Testing2 -->
